2024-05-19 12:26:29,653 [Worker-3: Loading available Gradle versions] INFO  o.e.b.c.i.u.g.PublishedGradleVersions - Gradle version information cache is up-to-date. Trying to read.
2024-05-19 12:30:03,101 [ModalContext] INFO  o.e.m.c.i.e.AbstractTransferListenerAdapter - Downloading https://repo.maven.apache.org/maven2/org/apache/maven/archetypes/maven-archetype-quickstart/1.1/maven-archetype-quickstart-1.1.pom
2024-05-19 12:30:03,123 [ModalContext] INFO  o.e.m.c.i.e.AbstractTransferListenerAdapter - Downloaded https://repo.maven.apache.org/maven2/org/apache/maven/archetypes/maven-archetype-quickstart/1.1/maven-archetype-quickstart-1.1.pom
2024-05-19 12:30:03,172 [ModalContext] INFO  o.e.m.c.i.e.AbstractTransferListenerAdapter - Downloading https://repo.maven.apache.org/maven2/org/apache/maven/archetypes/maven-archetype-bundles/4/maven-archetype-bundles-4.pom
2024-05-19 12:30:03,182 [ModalContext] INFO  o.e.m.c.i.e.AbstractTransferListenerAdapter - Downloaded https://repo.maven.apache.org/maven2/org/apache/maven/archetypes/maven-archetype-bundles/4/maven-archetype-bundles-4.pom
2024-05-19 12:30:03,216 [ModalContext] INFO  o.e.m.c.i.e.AbstractTransferListenerAdapter - Downloading https://repo.maven.apache.org/maven2/org/apache/maven/archetype/maven-archetype/2.0-alpha-5/maven-archetype-2.0-alpha-5.pom
2024-05-19 12:30:03,227 [ModalContext] INFO  o.e.m.c.i.e.AbstractTransferListenerAdapter - Downloaded https://repo.maven.apache.org/maven2/org/apache/maven/archetype/maven-archetype/2.0-alpha-5/maven-archetype-2.0-alpha-5.pom
2024-05-19 12:30:03,297 [ModalContext] INFO  o.e.m.c.i.e.AbstractTransferListenerAdapter - Downloading https://repo.maven.apache.org/maven2/org/apache/maven/archetypes/maven-archetype-quickstart/1.1/maven-archetype-quickstart-1.1.jar
2024-05-19 12:30:03,305 [ModalContext] INFO  o.e.m.c.i.e.AbstractTransferListenerAdapter - Downloaded https://repo.maven.apache.org/maven2/org/apache/maven/archetypes/maven-archetype-quickstart/1.1/maven-archetype-quickstart-1.1.jar
2024-05-19 12:30:23,152 [Worker-6: Launching mavenrun-ea7969c7-02ac-4467-a2aa-5bec35c6b93a] INFO  o.eclipse.m2e.core.internal.Bundles - getClasspathEntries(Bundle=org.eclipse.m2e.maven.runtime_3.9.600.20231203-1234 [635])
2024-05-19 12:30:23,154 [Worker-6: Launching mavenrun-ea7969c7-02ac-4467-a2aa-5bec35c6b93a] INFO  o.eclipse.m2e.core.internal.Bundles - 	Entry: C:\Users\asus\.p2\pool\plugins\org.eclipse.m2e.maven.runtime_3.9.600.20231203-1234
2024-05-19 12:30:23,155 [Worker-6: Launching mavenrun-ea7969c7-02ac-4467-a2aa-5bec35c6b93a] INFO  o.eclipse.m2e.core.internal.Bundles - 	Entry: C:\Users\asus\.p2\pool\plugins\org.eclipse.m2e.maven.runtime_3.9.600.20231203-1234\jars\aopalliance-1.0.jar
2024-05-19 12:30:23,155 [Worker-6: Launching mavenrun-ea7969c7-02ac-4467-a2aa-5bec35c6b93a] INFO  o.eclipse.m2e.core.internal.Bundles - 	Entry: C:\Users\asus\.p2\pool\plugins\org.eclipse.m2e.maven.runtime_3.9.600.20231203-1234\jars\guice-5.1.0.jar
2024-05-19 12:30:23,156 [Worker-6: Launching mavenrun-ea7969c7-02ac-4467-a2aa-5bec35c6b93a] INFO  o.eclipse.m2e.core.internal.Bundles - 	Entry: C:\Users\asus\.p2\pool\plugins\org.eclipse.m2e.maven.runtime_3.9.600.20231203-1234\jars\httpclient-4.5.14.jar
2024-05-19 12:30:23,156 [Worker-6: Launching mavenrun-ea7969c7-02ac-4467-a2aa-5bec35c6b93a] INFO  o.eclipse.m2e.core.internal.Bundles - 	Entry: C:\Users\asus\.p2\pool\plugins\org.eclipse.m2e.maven.runtime_3.9.600.20231203-1234\jars\httpcore-4.4.16.jar
2024-05-19 12:30:23,156 [Worker-6: Launching mavenrun-ea7969c7-02ac-4467-a2aa-5bec35c6b93a] INFO  o.eclipse.m2e.core.internal.Bundles - 	Entry: C:\Users\asus\.p2\pool\plugins\org.eclipse.m2e.maven.runtime_3.9.600.20231203-1234\jars\jansi-2.4.0.jar
2024-05-19 12:30:23,157 [Worker-6: Launching mavenrun-ea7969c7-02ac-4467-a2aa-5bec35c6b93a] INFO  o.eclipse.m2e.core.internal.Bundles - 	Entry: C:\Users\asus\.p2\pool\plugins\org.eclipse.m2e.maven.runtime_3.9.600.20231203-1234\jars\jcl-over-slf4j-1.7.36.jar
2024-05-19 12:30:23,157 [Worker-6: Launching mavenrun-ea7969c7-02ac-4467-a2aa-5bec35c6b93a] INFO  o.eclipse.m2e.core.internal.Bundles - 	Entry: C:\Users\asus\.p2\pool\plugins\org.eclipse.m2e.maven.runtime_3.9.600.20231203-1234\jars\maven-artifact-3.9.6.jar
2024-05-19 12:30:23,157 [Worker-6: Launching mavenrun-ea7969c7-02ac-4467-a2aa-5bec35c6b93a] INFO  o.eclipse.m2e.core.internal.Bundles - 	Entry: C:\Users\asus\.p2\pool\plugins\org.eclipse.m2e.maven.runtime_3.9.600.20231203-1234\jars\maven-builder-support-3.9.6.jar
2024-05-19 12:30:23,158 [Worker-6: Launching mavenrun-ea7969c7-02ac-4467-a2aa-5bec35c6b93a] INFO  o.eclipse.m2e.core.internal.Bundles - 	Entry: C:\Users\asus\.p2\pool\plugins\org.eclipse.m2e.maven.runtime_3.9.600.20231203-1234\jars\maven-compat-3.9.6.jar
2024-05-19 12:30:23,158 [Worker-6: Launching mavenrun-ea7969c7-02ac-4467-a2aa-5bec35c6b93a] INFO  o.eclipse.m2e.core.internal.Bundles - 	Entry: C:\Users\asus\.p2\pool\plugins\org.eclipse.m2e.maven.runtime_3.9.600.20231203-1234\jars\maven-core-3.9.6.jar
2024-05-19 12:30:23,159 [Worker-6: Launching mavenrun-ea7969c7-02ac-4467-a2aa-5bec35c6b93a] INFO  o.eclipse.m2e.core.internal.Bundles - 	Entry: C:\Users\asus\.p2\pool\plugins\org.eclipse.m2e.maven.runtime_3.9.600.20231203-1234\jars\maven-embedder-3.9.6.jar
2024-05-19 12:30:23,159 [Worker-6: Launching mavenrun-ea7969c7-02ac-4467-a2aa-5bec35c6b93a] INFO  o.eclipse.m2e.core.internal.Bundles - 	Entry: C:\Users\asus\.p2\pool\plugins\org.eclipse.m2e.maven.runtime_3.9.600.20231203-1234\jars\maven-model-3.9.6.jar
2024-05-19 12:30:23,160 [Worker-6: Launching mavenrun-ea7969c7-02ac-4467-a2aa-5bec35c6b93a] INFO  o.eclipse.m2e.core.internal.Bundles - 	Entry: C:\Users\asus\.p2\pool\plugins\org.eclipse.m2e.maven.runtime_3.9.600.20231203-1234\jars\maven-model-builder-3.9.6.jar
2024-05-19 12:30:23,160 [Worker-6: Launching mavenrun-ea7969c7-02ac-4467-a2aa-5bec35c6b93a] INFO  o.eclipse.m2e.core.internal.Bundles - 	Entry: C:\Users\asus\.p2\pool\plugins\org.eclipse.m2e.maven.runtime_3.9.600.20231203-1234\jars\maven-plugin-api-3.9.6.jar
2024-05-19 12:30:23,160 [Worker-6: Launching mavenrun-ea7969c7-02ac-4467-a2aa-5bec35c6b93a] INFO  o.eclipse.m2e.core.internal.Bundles - 	Entry: C:\Users\asus\.p2\pool\plugins\org.eclipse.m2e.maven.runtime_3.9.600.20231203-1234\jars\maven-repository-metadata-3.9.6.jar
2024-05-19 12:30:23,161 [Worker-6: Launching mavenrun-ea7969c7-02ac-4467-a2aa-5bec35c6b93a] INFO  o.eclipse.m2e.core.internal.Bundles - 	Entry: C:\Users\asus\.p2\pool\plugins\org.eclipse.m2e.maven.runtime_3.9.600.20231203-1234\jars\maven-resolver-api-1.9.18.jar
2024-05-19 12:30:23,161 [Worker-6: Launching mavenrun-ea7969c7-02ac-4467-a2aa-5bec35c6b93a] INFO  o.eclipse.m2e.core.internal.Bundles - 	Entry: C:\Users\asus\.p2\pool\plugins\org.eclipse.m2e.maven.runtime_3.9.600.20231203-1234\jars\maven-resolver-connector-basic-1.9.18.jar
2024-05-19 12:30:23,162 [Worker-6: Launching mavenrun-ea7969c7-02ac-4467-a2aa-5bec35c6b93a] INFO  o.eclipse.m2e.core.internal.Bundles - 	Entry: C:\Users\asus\.p2\pool\plugins\org.eclipse.m2e.maven.runtime_3.9.600.20231203-1234\jars\maven-resolver-impl-1.9.18.jar
2024-05-19 12:30:23,162 [Worker-6: Launching mavenrun-ea7969c7-02ac-4467-a2aa-5bec35c6b93a] INFO  o.eclipse.m2e.core.internal.Bundles - 	Entry: C:\Users\asus\.p2\pool\plugins\org.eclipse.m2e.maven.runtime_3.9.600.20231203-1234\jars\maven-resolver-named-locks-1.9.18.jar
2024-05-19 12:30:23,162 [Worker-6: Launching mavenrun-ea7969c7-02ac-4467-a2aa-5bec35c6b93a] INFO  o.eclipse.m2e.core.internal.Bundles - 	Entry: C:\Users\asus\.p2\pool\plugins\org.eclipse.m2e.maven.runtime_3.9.600.20231203-1234\jars\maven-resolver-provider-3.9.6.jar
2024-05-19 12:30:23,163 [Worker-6: Launching mavenrun-ea7969c7-02ac-4467-a2aa-5bec35c6b93a] INFO  o.eclipse.m2e.core.internal.Bundles - 	Entry: C:\Users\asus\.p2\pool\plugins\org.eclipse.m2e.maven.runtime_3.9.600.20231203-1234\jars\maven-resolver-spi-1.9.18.jar
2024-05-19 12:30:23,163 [Worker-6: Launching mavenrun-ea7969c7-02ac-4467-a2aa-5bec35c6b93a] INFO  o.eclipse.m2e.core.internal.Bundles - 	Entry: C:\Users\asus\.p2\pool\plugins\org.eclipse.m2e.maven.runtime_3.9.600.20231203-1234\jars\maven-resolver-transport-file-1.9.18.jar
2024-05-19 12:30:23,164 [Worker-6: Launching mavenrun-ea7969c7-02ac-4467-a2aa-5bec35c6b93a] INFO  o.eclipse.m2e.core.internal.Bundles - 	Entry: C:\Users\asus\.p2\pool\plugins\org.eclipse.m2e.maven.runtime_3.9.600.20231203-1234\jars\maven-resolver-transport-http-1.9.18.jar
2024-05-19 12:30:23,164 [Worker-6: Launching mavenrun-ea7969c7-02ac-4467-a2aa-5bec35c6b93a] INFO  o.eclipse.m2e.core.internal.Bundles - 	Entry: C:\Users\asus\.p2\pool\plugins\org.eclipse.m2e.maven.runtime_3.9.600.20231203-1234\jars\maven-resolver-transport-wagon-1.9.18.jar
2024-05-19 12:30:23,164 [Worker-6: Launching mavenrun-ea7969c7-02ac-4467-a2aa-5bec35c6b93a] INFO  o.eclipse.m2e.core.internal.Bundles - 	Entry: C:\Users\asus\.p2\pool\plugins\org.eclipse.m2e.maven.runtime_3.9.600.20231203-1234\jars\maven-resolver-util-1.9.18.jar
2024-05-19 12:30:23,165 [Worker-6: Launching mavenrun-ea7969c7-02ac-4467-a2aa-5bec35c6b93a] INFO  o.eclipse.m2e.core.internal.Bundles - 	Entry: C:\Users\asus\.p2\pool\plugins\org.eclipse.m2e.maven.runtime_3.9.600.20231203-1234\jars\maven-settings-3.9.6.jar
2024-05-19 12:30:23,165 [Worker-6: Launching mavenrun-ea7969c7-02ac-4467-a2aa-5bec35c6b93a] INFO  o.eclipse.m2e.core.internal.Bundles - 	Entry: C:\Users\asus\.p2\pool\plugins\org.eclipse.m2e.maven.runtime_3.9.600.20231203-1234\jars\maven-settings-builder-3.9.6.jar
2024-05-19 12:30:23,166 [Worker-6: Launching mavenrun-ea7969c7-02ac-4467-a2aa-5bec35c6b93a] INFO  o.eclipse.m2e.core.internal.Bundles - 	Entry: C:\Users\asus\.p2\pool\plugins\org.eclipse.m2e.maven.runtime_3.9.600.20231203-1234\jars\maven-shared-utils-3.3.4.jar
2024-05-19 12:30:23,166 [Worker-6: Launching mavenrun-ea7969c7-02ac-4467-a2aa-5bec35c6b93a] INFO  o.eclipse.m2e.core.internal.Bundles - 	Entry: C:\Users\asus\.p2\pool\plugins\org.eclipse.m2e.maven.runtime_3.9.600.20231203-1234\jars\org.eclipse.sisu.inject-0.9.0.M2.jar
2024-05-19 12:30:23,166 [Worker-6: Launching mavenrun-ea7969c7-02ac-4467-a2aa-5bec35c6b93a] INFO  o.eclipse.m2e.core.internal.Bundles - 	Entry: C:\Users\asus\.p2\pool\plugins\org.eclipse.m2e.maven.runtime_3.9.600.20231203-1234\jars\org.eclipse.sisu.plexus-0.9.0.M2.jar
2024-05-19 12:30:23,167 [Worker-6: Launching mavenrun-ea7969c7-02ac-4467-a2aa-5bec35c6b93a] INFO  o.eclipse.m2e.core.internal.Bundles - 	Entry: C:\Users\asus\.p2\pool\plugins\org.eclipse.m2e.maven.runtime_3.9.600.20231203-1234\jars\plexus-build-api-0.0.7.jar
2024-05-19 12:30:23,167 [Worker-6: Launching mavenrun-ea7969c7-02ac-4467-a2aa-5bec35c6b93a] INFO  o.eclipse.m2e.core.internal.Bundles - 	Entry: C:\Users\asus\.p2\pool\plugins\org.eclipse.m2e.maven.runtime_3.9.600.20231203-1234\jars\plexus-cipher-2.0.jar
2024-05-19 12:30:23,168 [Worker-6: Launching mavenrun-ea7969c7-02ac-4467-a2aa-5bec35c6b93a] INFO  o.eclipse.m2e.core.internal.Bundles - 	Entry: C:\Users\asus\.p2\pool\plugins\org.eclipse.m2e.maven.runtime_3.9.600.20231203-1234\jars\plexus-classworlds-2.7.0.jar
2024-05-19 12:30:23,168 [Worker-6: Launching mavenrun-ea7969c7-02ac-4467-a2aa-5bec35c6b93a] INFO  o.eclipse.m2e.core.internal.Bundles - 	Entry: C:\Users\asus\.p2\pool\plugins\org.eclipse.m2e.maven.runtime_3.9.600.20231203-1234\jars\plexus-component-annotations-2.1.0.jar
2024-05-19 12:30:23,168 [Worker-6: Launching mavenrun-ea7969c7-02ac-4467-a2aa-5bec35c6b93a] INFO  o.eclipse.m2e.core.internal.Bundles - 	Entry: C:\Users\asus\.p2\pool\plugins\org.eclipse.m2e.maven.runtime_3.9.600.20231203-1234\jars\plexus-interpolation-1.26.jar
2024-05-19 12:30:23,169 [Worker-6: Launching mavenrun-ea7969c7-02ac-4467-a2aa-5bec35c6b93a] INFO  o.eclipse.m2e.core.internal.Bundles - 	Entry: C:\Users\asus\.p2\pool\plugins\org.eclipse.m2e.maven.runtime_3.9.600.20231203-1234\jars\plexus-sec-dispatcher-2.0.jar
2024-05-19 12:30:23,169 [Worker-6: Launching mavenrun-ea7969c7-02ac-4467-a2aa-5bec35c6b93a] INFO  o.eclipse.m2e.core.internal.Bundles - 	Entry: C:\Users\asus\.p2\pool\plugins\org.eclipse.m2e.maven.runtime_3.9.600.20231203-1234\jars\plexus-utils-3.5.1.jar
2024-05-19 12:30:23,169 [Worker-6: Launching mavenrun-ea7969c7-02ac-4467-a2aa-5bec35c6b93a] INFO  o.eclipse.m2e.core.internal.Bundles - 	Entry: C:\Users\asus\.p2\pool\plugins\org.eclipse.m2e.maven.runtime_3.9.600.20231203-1234\jars\wagon-file-3.5.3.jar
2024-05-19 12:30:23,170 [Worker-6: Launching mavenrun-ea7969c7-02ac-4467-a2aa-5bec35c6b93a] INFO  o.eclipse.m2e.core.internal.Bundles - 	Entry: C:\Users\asus\.p2\pool\plugins\org.eclipse.m2e.maven.runtime_3.9.600.20231203-1234\jars\wagon-http-3.5.3.jar
2024-05-19 12:30:23,170 [Worker-6: Launching mavenrun-ea7969c7-02ac-4467-a2aa-5bec35c6b93a] INFO  o.eclipse.m2e.core.internal.Bundles - 	Entry: C:\Users\asus\.p2\pool\plugins\org.eclipse.m2e.maven.runtime_3.9.600.20231203-1234\jars\wagon-http-shared-3.5.3.jar
2024-05-19 12:30:23,171 [Worker-6: Launching mavenrun-ea7969c7-02ac-4467-a2aa-5bec35c6b93a] INFO  o.eclipse.m2e.core.internal.Bundles - 	Entry: C:\Users\asus\.p2\pool\plugins\org.eclipse.m2e.maven.runtime_3.9.600.20231203-1234\jars\wagon-provider-api-3.5.3.jar
2024-05-19 12:30:23,173 [Worker-6: Launching mavenrun-ea7969c7-02ac-4467-a2aa-5bec35c6b93a] INFO  o.eclipse.m2e.core.internal.Bundles - getClasspathEntries(Bundle=com.google.guava_33.0.0.jre [14])
2024-05-19 12:30:23,175 [Worker-6: Launching mavenrun-ea7969c7-02ac-4467-a2aa-5bec35c6b93a] INFO  o.eclipse.m2e.core.internal.Bundles - 	Entry: C:\Users\asus\.p2\pool\plugins\com.google.guava_33.0.0.jre.jar
2024-05-19 12:30:23,175 [Worker-6: Launching mavenrun-ea7969c7-02ac-4467-a2aa-5bec35c6b93a] INFO  o.eclipse.m2e.core.internal.Bundles - getClasspathEntries(Bundle=slf4j.api_2.0.12 [998])
2024-05-19 12:30:23,176 [Worker-6: Launching mavenrun-ea7969c7-02ac-4467-a2aa-5bec35c6b93a] INFO  o.eclipse.m2e.core.internal.Bundles - 	Entry: C:\Users\asus\.p2\pool\plugins\slf4j.api_2.0.12.jar
2024-05-19 12:30:23,177 [Worker-6: Launching mavenrun-ea7969c7-02ac-4467-a2aa-5bec35c6b93a] INFO  o.eclipse.m2e.core.internal.Bundles - getClasspathEntries(Bundle=jakarta.inject.jakarta.inject-api_1.0.5 [32])
2024-05-19 12:30:23,177 [Worker-6: Launching mavenrun-ea7969c7-02ac-4467-a2aa-5bec35c6b93a] INFO  o.eclipse.m2e.core.internal.Bundles - 	Entry: C:\Users\asus\.p2\pool\plugins\jakarta.inject.jakarta.inject-api_1.0.5.jar
2024-05-19 12:30:23,178 [Worker-6: Launching mavenrun-ea7969c7-02ac-4467-a2aa-5bec35c6b93a] INFO  o.eclipse.m2e.core.internal.Bundles - getClasspathEntries(Bundle=jakarta.annotation-api_1.3.5 [27])
2024-05-19 12:30:23,178 [Worker-6: Launching mavenrun-ea7969c7-02ac-4467-a2aa-5bec35c6b93a] INFO  o.eclipse.m2e.core.internal.Bundles - 	Entry: C:\Users\asus\.p2\pool\plugins\jakarta.annotation-api_1.3.5.jar
2024-05-19 12:30:23,178 [Worker-6: Launching mavenrun-ea7969c7-02ac-4467-a2aa-5bec35c6b93a] INFO  o.eclipse.m2e.core.internal.Bundles - getClasspathEntries(Bundle=org.apache.commons.cli_1.6.0 [75])
2024-05-19 12:30:23,205 [Worker-6: Launching mavenrun-ea7969c7-02ac-4467-a2aa-5bec35c6b93a] INFO  o.eclipse.m2e.core.internal.Bundles - 	Entry: C:\Users\asus\.p2\pool\plugins\org.apache.commons.cli_1.6.0.jar
2024-05-19 12:30:23,205 [Worker-6: Launching mavenrun-ea7969c7-02ac-4467-a2aa-5bec35c6b93a] INFO  o.eclipse.m2e.core.internal.Bundles - getClasspathEntries(Bundle=org.apache.commons.commons-codec_1.16.0 [78])
2024-05-19 12:30:23,206 [Worker-6: Launching mavenrun-ea7969c7-02ac-4467-a2aa-5bec35c6b93a] INFO  o.eclipse.m2e.core.internal.Bundles - 	Entry: C:\Users\asus\.p2\pool\plugins\org.apache.commons.commons-codec_1.16.0.jar
2024-05-19 12:30:23,206 [Worker-6: Launching mavenrun-ea7969c7-02ac-4467-a2aa-5bec35c6b93a] INFO  o.eclipse.m2e.core.internal.Bundles - getClasspathEntries(Bundle=org.apache.commons.lang3_3.14.0 [86])
2024-05-19 12:30:23,207 [Worker-6: Launching mavenrun-ea7969c7-02ac-4467-a2aa-5bec35c6b93a] INFO  o.eclipse.m2e.core.internal.Bundles - 	Entry: C:\Users\asus\.p2\pool\plugins\org.apache.commons.lang3_3.14.0.jar
2024-05-19 12:30:23,207 [Worker-6: Launching mavenrun-ea7969c7-02ac-4467-a2aa-5bec35c6b93a] INFO  o.eclipse.m2e.core.internal.Bundles - getClasspathEntries(Bundle=com.google.guava.failureaccess_1.0.2 [15])
2024-05-19 12:30:23,208 [Worker-6: Launching mavenrun-ea7969c7-02ac-4467-a2aa-5bec35c6b93a] INFO  o.eclipse.m2e.core.internal.Bundles - 	Entry: C:\Users\asus\.p2\pool\plugins\com.google.guava.failureaccess_1.0.2.jar
2024-05-19 12:30:23,218 [Worker-6: Launching mavenrun-ea7969c7-02ac-4467-a2aa-5bec35c6b93a] INFO  o.e.m.i.launch.MavenLaunchDelegate - Run build in "C:\Users\asus\AppData\Local\Temp\m2e-archetypeGenerator9409092612439081956":
2024-05-19 12:30:23,225 [Worker-6: Launching mavenrun-ea7969c7-02ac-4467-a2aa-5bec35c6b93a] INFO  o.e.m.i.launch.MavenLaunchDelegate -  mvn  -DarchetypeGroupId=org.apache.maven.archetypes -DarchetypeArtifactId=maven-archetype-quickstart -DarchetypeVersion=1.1 -DgroupId=jrpg -DartifactId=spaceships -Dversion=0.0.1-SNAPSHOT -Dpackage=jrpg.spaceships -DoutputDirectory=D:\ws\spaceships -Dstyle.color=always -U archetype:generate
2024-05-19 12:34:24,320 [Worker-3: Loading available Gradle versions] INFO  o.e.b.c.i.u.g.PublishedGradleVersions - Gradle version information cache is up-to-date. Trying to read.
